
=== Thu Nov 26 11:39:19 2020

Packages were changed.
Update Mode: updateDependencies

The following packages were added:
  com.unity.ide.visualstudio@2.0.3
The following packages were updated:
  com.unity.ads from version 3.4.9 to 3.5.0
  com.unity.analytics from version 3.3.5 to 3.5.3
  com.unity.ide.rider from version 1.1.4 to 1.2.1
  com.unity.render-pipelines.universal from version 7.3.1 to 8.2.0
  com.unity.textmeshpro from version 2.1.3 to 3.0.1
  com.unity.xr.oculus from version 1.4.3 to 1.5.0
  com.unity.xr.windowsmr from version 2.3.0 to 3.4.0

=== Tue Dec  1 21:25:17 2020

Packages were changed.
Update Mode: updateDependencies

The following packages were updated:
  com.unity.xr.oculus from version 1.5.0 to 1.6.1

=== Sat Dec 12 18:21:24 2020

Packages were changed.
Update Mode: updateDependencies

The following packages were updated:
  com.unity.ads from version 3.5.0 to 3.5.2
  com.unity.ext.nunit from version 1.0.0 to 1.0.5
  com.unity.ide.visualstudio from version 2.0.3 to 2.0.5
  com.unity.render-pipelines.universal from version 8.2.0 to 8.3.1
  com.unity.test-framework from version 1.1.18 to 1.1.19

=== Thu Jun  3 13:58:12 2021

Packages were changed.
Update Mode: updateDependencies

The following packages were updated:
  com.unity.ads from version 3.5.2 to 3.7.1
  com.unity.ide.rider from version 1.2.1 to 2.0.7
  com.unity.ide.visualstudio from version 2.0.5 to 2.0.8
  com.unity.inputsystem from version 1.0.1 to 1.0.2
  com.unity.render-pipelines.universal from version 8.3.1 to 10.5.0
  com.unity.test-framework from version 1.1.19 to 1.1.24
  com.unity.textmeshpro from version 3.0.3 to 3.0.6
  com.unity.xr.management from version 3.2.17 to 4.0.1
  com.unity.xr.oculus from version 1.6.1 to 1.9.1
